<?xml version="1.0" encoding="utf-8"?>
<TestRun id="fb5264a6-ac74-4896-a377-b7fd782efd32" name="misewell@DESKTOP-M0V2NTR 2026-03-07 09:43:43" runUser="NORTHAMERICA\misewell" xmlns="http://microsoft.com/schemas/VisualStudio/TeamTest/2010">
  <Times creation="2026-03-07T09:43:43.8225252-06:00" queuing="2026-03-07T09:43:43.8225255-06:00" start="2026-03-07T09:43:31.1207195-06:00" finish="2026-03-07T09:43:43.8356951-06:00" />
  <TestSettings name="default" id="89de33dd-2b73-455c-b714-35c20f0557ea">
    <Deployment runDeploymentRoot="misewell_DESKTOP-M0V2NTR_2026-03-07_09_43_43" />
  </TestSettings>
  <Results>
    <UnitTestResult executionId="a0652fc9-8ca4-4a99-a685-821dceb7c335" testId="b80dbfdd-a85c-5baa-5cae-890d3337f7ad" testName="DataverseToPowerBI.Tests.BuilderIntegrationTests.Build_WithDisplayNameAliases_ColumnsHaveAliases" computerName="DESKTOP-M0V2NTR" duration="00:00:04.2540000" startTime="2026-03-07T09:43:43.7340217-06:00" endTime="2026-03-07T09:43:43.7340217-06:00" testType="13cdc9d9-ddb5-4fa4-a97d-d965ccfc6d4b" outcome="Failed" testListId="8c84fa94-04c1-424b-9868-57a2d4851a1d" relativeResultsDirectory="a0652fc9-8ca4-4a99-a685-821dceb7c335">
      <Output>
        <ErrorInfo>
          <Message>Assert.Contains() Failure: Sub-string not found&#xD;
String:    "/// Source: account\r\ntable Account\r\n\tline"···&#xD;
Not found: "Table.RenameColumns"</Message>
          <StackTrace>   at DataverseToPowerBI.Tests.BuilderIntegrationTests.Build_WithDisplayNameAliases_ColumnsHaveAliases() in C:\GitHub\XRMToolBox Utilities\DataverseToPowerBI\DataverseToPowerBI.Tests\BuilderIntegrationTests.cs:line 608</StackTrace>
        </ErrorInfo>
      </Output>
    </UnitTestResult>
  </Results>
  <TestDefinitions>
    <UnitTest name="DataverseToPowerBI.Tests.BuilderIntegrationTests.Build_WithDisplayNameAliases_ColumnsHaveAliases" storage="c:\github\xrmtoolbox utilities\dataversetopowerbi\dataversetopowerbi.tests\bin\release\net48\dataversetopowerbi.tests.dll" id="b80dbfdd-a85c-5baa-5cae-890d3337f7ad">
      <Execution id="a0652fc9-8ca4-4a99-a685-821dceb7c335" />
      <TestMethod codeBase="C:\GitHub\XRMToolBox Utilities\DataverseToPowerBI\DataverseToPowerBI.Tests\bin\Release\net48\DataverseToPowerBI.Tests.dll" adapterTypeName="executor://xunit/VsTestRunner2/net" className="DataverseToPowerBI.Tests.BuilderIntegrationTests" name="Build_WithDisplayNameAliases_ColumnsHaveAliases" />
    </UnitTest>
  </TestDefinitions>
  <TestEntries>
    <TestEntry testId="b80dbfdd-a85c-5baa-5cae-890d3337f7ad" executionId="a0652fc9-8ca4-4a99-a685-821dceb7c335" testListId="8c84fa94-04c1-424b-9868-57a2d4851a1d" />
  </TestEntries>
  <TestLists>
    <TestList name="Results Not in a List" id="8c84fa94-04c1-424b-9868-57a2d4851a1d" />
    <TestList name="All Loaded Results" id="19431567-8539-422a-85d7-44ee4e166bda" />
  </TestLists>
  <ResultSummary outcome="Failed">
    <Counters total="1" executed="1" passed="0" failed="1" error="0" timeout="0" aborted="0" inconclusive="0" passedButRunAborted="0" notRunnable="0" notExecuted="0" disconnected="0" warning="0" completed="0" inProgress="0" pending="0" />
    <Output>
      <StdOut>[xUnit.net 00:00:00.00] xUnit.net VSTest Adapter v2.8.2+699d445a1a (64-bit .NET Framework 4.8.9221.0)&#xD;
[xUnit.net 00:00:07.62]   Discovering: DataverseToPowerBI.Tests&#xD;
[xUnit.net 00:00:07.69]   Discovered:  DataverseToPowerBI.Tests&#xD;
[xUnit.net 00:00:07.70]   Starting:    DataverseToPowerBI.Tests&#xD;
[xUnit.net 00:00:12.11]       Assert.Contains() Failure: Sub-string not found&#xD;
[xUnit.net 00:00:12.11]       String:    "/// Source: account\r\ntable Account\r\n\tline"···&#xD;
[xUnit.net 00:00:12.11]       Not found: "Table.RenameColumns"&#xD;
[xUnit.net 00:00:12.11]       Stack Trace:&#xD;
[xUnit.net 00:00:12.11]         BuilderIntegrationTests.cs(608,0): at DataverseToPowerBI.Tests.BuilderIntegrationTests.Build_WithDisplayNameAliases_ColumnsHaveAliases()&#xD;
[xUnit.net 00:00:12.12]   Finished:    DataverseToPowerBI.Tests&#xD;
</StdOut>
    </Output>
    <RunInfos>
      <RunInfo computerName="DESKTOP-M0V2NTR" outcome="Error" timestamp="2026-03-07T09:43:43.7307290-06:00">
        <Text>[xUnit.net 00:00:12.11]     DataverseToPowerBI.Tests.BuilderIntegrationTests.Build_WithDisplayNameAliases_ColumnsHaveAliases [FAIL]</Text>
      </RunInfo>
    </RunInfos>
  </ResultSummary>
</TestRun>